<?xml version="1.0" encoding="UTF-8"?>
<testsuite xmlns:xsi="http://www.w3.org/2001/XMLSchema-instance" xsi:noNamespaceSchemaLocation="https://maven.apache.org/surefire/maven-surefire-plugin/xsd/surefire-test-report-3.0.xsd" version="3.0" name="simulation.CostOptimizationTest" time="0.217" tests="5" errors="0" skipped="0" failures="0">
  <properties>
[...]
</properties>
  <testcase name="testDeadlineConstraintRespected" classname="simulation.CostOptimizationTest" time="0.172">
    <system-err><![CDATA[SLF4J: Class path contains multiple SLF4J providers.
SLF4J: Found provider [ch.qos.logback.classic.spi.LogbackServiceProvider@1a8a8f7c]
SLF4J: Found provider [org.slf4j.simple.SimpleServiceProvider@2353b3e6]
SLF4J: See https://www.slf4j.org/codes.html#multiple_bindings for an explanation.
SLF4J: Actual provider is of type [ch.qos.logback.classic.spi.LogbackServiceProvider@1a8a8f7c]
Unexpected problem occured during version sanity check
Reported exception:
java.lang.AbstractMethodError: Receiver class ch.qos.logback.classic.spi.LogbackServiceProvider does not define or inherit an implementation of the resolved method 'abstract java.lang.String getRequestedApiVersion()' of interface org.slf4j.spi.SLF4JServiceProvider.
	at org.slf4j.LoggerFactory.versionSanityCheck(LoggerFactory.java:331)
	at org.slf4j.LoggerFactory.performInitialization(LoggerFactory.java:172)
	at org.slf4j.LoggerFactory.getProvider(LoggerFactory.java:455)
	at org.slf4j.LoggerFactory.getILoggerFactory(LoggerFactory.java:441)
	at org.slf4j.LoggerFactory.getLogger(LoggerFactory.java:390)
	at org.slf4j.LoggerFactory.getLogger(LoggerFactory.java:416)
	at simulation.optimization.CostOptimizer.<clinit>(CostOptimizer.java:14)
	at simulation.CostOptimizationTest.setUp(CostOptimizationTest.java:23)
	at java.base/jdk.internal.reflect.NativeMethodAccessorImpl.invoke0(Native Method)
	at java.base/jdk.internal.reflect.NativeMethodAccessorImpl.invoke(NativeMethodAccessorImpl.java:77)
	at java.base/jdk.internal.reflect.DelegatingMethodAccessorImpl.invoke(DelegatingMethodAccessorImpl.java:43)
	at java.base/java.lang.reflect.Method.invoke(Method.java:569)
	at org.junit.runners.model.FrameworkMethod$1.runReflectiveCall(FrameworkMethod.java:59)
	at org.junit.internal.runners.model.ReflectiveCallable.run(ReflectiveCallable.java:12)
	at org.junit.runners.model.FrameworkMethod.invokeExplosively(FrameworkMethod.java:56)
	at org.junit.internal.runners.statements.RunBefores.invokeMethod(RunBefores.java:33)
	at org.junit.internal.runners.statements.RunBefores.evaluate(RunBefores.java:24)
	at org.junit.runners.ParentRunner$3.evaluate(ParentRunner.java:306)
	at org.junit.runners.BlockJUnit4ClassRunner$1.evaluate(BlockJUnit4ClassRunner.java:100)
	at org.junit.runners.ParentRunner.runLeaf(ParentRunner.java:366)
	at org.junit.runners.BlockJUnit4ClassRunner.runChild(BlockJUnit4ClassRunner.java:103)
	at org.junit.runners.BlockJUnit4ClassRunner.runChild(BlockJUnit4ClassRunner.java:63)
	at org.junit.runners.ParentRunner$4.run(ParentRunner.java:331)
	at org.junit.runners.ParentRunner$1.schedule(ParentRunner.java:79)
	at org.junit.runners.ParentRunner.runChildren(ParentRunner.java:329)
	at org.junit.runners.ParentRunner.access$100(ParentRunner.java:66)
	at org.junit.runners.ParentRunner$2.evaluate(ParentRunner.java:293)
	at org.junit.runners.ParentRunner$3.evaluate(ParentRunner.java:306)
	at org.junit.runners.ParentRunner.run(ParentRunner.java:413)
	at org.apache.maven.surefire.junit4.JUnit4Provider.execute(JUnit4Provider.java:316)
	at org.apache.maven.surefire.junit4.JUnit4Provider.executeWithRerun(JUnit4Provider.java:240)
	at org.apache.maven.surefire.junit4.JUnit4Provider.executeTestSet(JUnit4Provider.java:214)
	at org.apache.maven.surefire.junit4.JUnit4Provider.invoke(JUnit4Provider.java:155)
	at org.apache.maven.surefire.booter.ForkedBooter.runSuitesInProcess(ForkedBooter.java:385)
	at org.apache.maven.surefire.booter.ForkedBooter.execute(ForkedBooter.java:162)
	at org.apache.maven.surefire.booter.ForkedBooter.run(ForkedBooter.java:507)
	at org.apache.maven.surefire.booter.ForkedBooter.main(ForkedBooter.java:495)
]]></system-err>
  </testcase>
  <testcase name="testOptimizationWithEmptyServerList" classname="simulation.CostOptimizationTest" time="0.0"/>
  <testcase name="testOptimizationDecisionWithValidServers" classname="simulation.CostOptimizationTest" time="0.0"/>
  <testcase name="testOptimizationWithValidTask" classname="simulation.CostOptimizationTest" time="0.0"/>
  <testcase name="testCostModelParameters" classname="simulation.CostOptimizationTest" time="0.0"/>
</testsuite>